# JRE version: OpenJDK Runtime Environment Temurin-21.0.9+10 (21.0.9+10) (build 21.0.9+10-LTS)
# Java VM: OpenJDK 64-Bit Server VM Temurin-21.0.9+10 (21.0.9+10-LTS, mixed mode, sharing, tiered, compressed oops, compressed class ptrs, g1 gc, windows-amd64)
GC Precious Log:
 CardTable entry size: 512
 Card Set container configuration: InlinePtr #cards 4 size 8 Array Of Cards #cards 16 size 48 Howl #buckets 8 coarsen threshold 3686 Howl Bitmap #cards 512 size 80 coarsen threshold 460 Card regions per heap region 1 cards per card region 4096
 CPUs: 14 total, 14 available
 Memory: 15836M
 Large Page Support: Disabled
 NUMA Support: Disabled
 Compressed Oops: Enabled (Zero based)
 Heap Region Size: 2M
 Heap Min Capacity: 8M
 Heap Initial Capacity: 248M
 Heap Max Capacity: 3960M
 Pre-touch: Disabled
 Parallel Workers: 11
 Concurrent Workers: 3
 Concurrent Refinement Workers: 11
 Periodic GC: Disabled
Heap:
 garbage-first heap   total 573440K, used 333363K [0x0000000708800000, 0x0000000800000000)
  region size 2048K, 84 young (172032K), 5 survivors (10240K)
 Metaspace       used 83084K, committed 84864K, reserved 1179648K
  class space    used 8271K, committed 9088K, reserved 1048576K
GC Heap History (20 events):
Event: 105.119 GC heap before
{Heap before GC invocations=70 (full 0):
 garbage-first heap   total 573440K, used 483229K [0x0000000708800000, 0x0000000800000000)
  region size 2048K, 168 young (344064K), 12 survivors (24576K)
 Metaspace       used 80598K, committed 82368K, reserved 1179648K
  class space    used 8074K, committed 8832K, reserved 1048576K
}
Event: 105.124 GC heap after
{Heap after GC invocations=71 (full 0):
 garbage-first heap   total 573440K, used 152484K [0x0000000708800000, 0x0000000800000000)
  region size 2048K, 5 young (10240K), 5 survivors (10240K)
 Metaspace       used 80598K, committed 82368K, reserved 1179648K
  class space    used 8074K, committed 8832K, reserved 1048576K
}
Event: 105.459 GC heap before
{Heap before GC invocations=71 (full 0):
 garbage-first heap   total 573440K, used 242596K [0x0000000708800000, 0x0000000800000000)
  region size 2048K, 34 young (69632K), 5 survivors (10240K)
 Metaspace       used 81005K, committed 82816K, reserved 1179648K
  class space    used 8108K, committed 8896K, reserved 1048576K
}
Event: 105.462 GC heap after
{Heap after GC invocations=72 (full 0):
 garbage-first heap   total 573440K, used 153747K [0x0000000708800000, 0x0000000800000000)
  region size 2048K, 6 young (12288K), 6 survivors (12288K)
 Metaspace       used 81005K, committed 82816K, reserved 1179648K
  class space    used 8108K, committed 8896K, reserved 1048576K
}
Event: 105.919 GC heap before
{Heap before GC invocations=72 (full 0):
 garbage-first heap   total 573440K, used 522387K [0x0000000708800000, 0x0000000800000000)
  region size 2048K, 168 young (344064K), 6 survivors (12288K)
 Metaspace       used 81038K, committed 82816K, reserved 1179648K
  class space    used 8110K, committed 8896K, reserved 1048576K
}
Event: 105.925 GC heap after
{Heap after GC invocations=73 (full 0):
 garbage-first heap   total 573440K, used 167679K [0x0000000708800000, 0x0000000800000000)
  region size 2048K, 11 young (22528K), 11 survivors (22528K)
 Metaspace       used 81038K, committed 82816K, reserved 1179648K
  class space    used 8110K, committed 8896K, reserved 1048576K
}
Event: 106.809 GC heap before
{Heap before GC invocations=73 (full 0):
 garbage-first heap   total 573440K, used 458495K [0x0000000708800000, 0x0000000800000000)
  region size 2048K, 138 young (282624K), 11 survivors (22528K)
 Metaspace       used 81050K, committed 82816K, reserved 1179648K
  class space    used 8110K, committed 8896K, reserved 1048576K
}
Event: 106.814 GC heap after
{Heap after GC invocations=74 (full 0):
 garbage-first heap   total 573440K, used 169241K [0x0000000708800000, 0x0000000800000000)
  region size 2048K, 12 young (24576K), 12 survivors (24576K)
 Metaspace       used 81050K, committed 82816K, reserved 1179648K
  class space    used 8110K, committed 8896K, reserved 1048576K
}
Event: 106.928 GC heap before
{Heap before GC invocations=74 (full 0):
 garbage-first heap   total 573440K, used 267545K [0x0000000708800000, 0x0000000800000000)
  region size 2048K, 45 young (92160K), 12 survivors (24576K)
 Metaspace       used 81051K, committed 82816K, reserved 1179648K
  class space    used 8110K, committed 8896K, reserved 1048576K
}
Event: 106.933 GC heap after
{Heap after GC invocations=75 (full 0):
 garbage-first heap   total 573440K, used 170643K [0x0000000708800000, 0x0000000800000000)
  region size 2048K, 12 young (24576K), 12 survivors (24576K)
 Metaspace       used 81051K, committed 82816K, reserved 1179648K
  class space    used 8110K, committed 8896K, reserved 1048576K
}
Event: 107.081 GC heap before
{Heap before GC invocations=75 (full 0):
 garbage-first heap   total 573440K, used 320147K [0x0000000708800000, 0x0000000800000000)
  region size 2048K, 70 young (143360K), 12 survivors (24576K)
 Metaspace       used 81083K, committed 82880K, reserved 1179648K
  class space    used 8110K, committed 8896K, reserved 1048576K
}
Event: 107.088 GC heap after
{Heap after GC invocations=76 (full 0):
 garbage-first heap   total 573440K, used 179186K [0x0000000708800000, 0x0000000800000000)
  region size 2048K, 16 young (32768K), 16 survivors (32768K)
 Metaspace       used 81083K, committed 82880K, reserved 1179648K
  class space    used 8110K, committed 8896K, reserved 1048576K
}
Event: 218.564 GC heap before
{Heap before GC invocations=76 (full 0):
 garbage-first heap   total 573440K, used 498674K [0x0000000708800000, 0x0000000800000000)
  region size 2048K, 168 young (344064K), 16 survivors (32768K)
 Metaspace       used 81345K, committed 83072K, reserved 1179648K
  class space    used 8119K, committed 8896K, reserved 1048576K
}
Event: 218.569 GC heap after
{Heap after GC invocations=77 (full 0):
 garbage-first heap   total 573440K, used 172487K [0x0000000708800000, 0x0000000800000000)
  region size 2048K, 4 young (8192K), 4 survivors (8192K)
 Metaspace       used 81345K, committed 83072K, reserved 1179648K
  class space    used 8119K, committed 8896K, reserved 1048576K
}
Event: 218.616 GC heap before
{Heap before GC invocations=77 (full 0):
 garbage-first heap   total 573440K, used 217543K [0x0000000708800000, 0x0000000800000000)
  region size 2048K, 18 young (36864K), 4 survivors (8192K)
 Metaspace       used 81353K, committed 83072K, reserved 1179648K
  class space    used 8119K, committed 8896K, reserved 1048576K
}
Event: 218.619 GC heap after
{Heap after GC invocations=78 (full 0):
 garbage-first heap   total 573440K, used 170298K [0x0000000708800000, 0x0000000800000000)
  region size 2048K, 3 young (6144K), 3 survivors (6144K)
 Metaspace       used 81353K, committed 83072K, reserved 1179648K
  class space    used 8119K, committed 8896K, reserved 1048576K
}
Event: 310.711 GC heap before
{Heap before GC invocations=78 (full 0):
 garbage-first heap   total 573440K, used 520506K [0x0000000708800000, 0x0000000800000000)
  region size 2048K, 168 young (344064K), 3 survivors (6144K)
 Metaspace       used 82078K, committed 83840K, reserved 1179648K
  class space    used 8190K, committed 9024K, reserved 1048576K
}
Event: 310.716 GC heap after
{Heap after GC invocations=79 (full 0):
 garbage-first heap   total 573440K, used 180716K [0x0000000708800000, 0x0000000800000000)
  region size 2048K, 8 young (16384K), 8 survivors (16384K)
 Metaspace       used 82078K, committed 83840K, reserved 1179648K
  class space    used 8190K, committed 9024K, reserved 1048576K
}
Event: 313.208 GC heap before
{Heap before GC invocations=79 (full 0):
 garbage-first heap   total 573440K, used 506348K [0x0000000708800000, 0x0000000800000000)
  region size 2048K, 168 young (344064K), 8 survivors (16384K)
 Metaspace       used 82796K, committed 84608K, reserved 1179648K
  class space    used 8246K, committed 9088K, reserved 1048576K
}
Event: 313.211 GC heap after
{Heap after GC invocations=80 (full 0):
 garbage-first heap   total 573440K, used 175667K [0x0000000708800000, 0x0000000800000000)
  region size 2048K, 5 young (10240K), 5 survivors (10240K)
 Metaspace       used 82796K, committed 84608K, reserved 1179648K
  class space    used 8246K, committed 9088K, reserved 1048576K
}

